[debug] > Exec(early(addDefaultCommands), None, None)
[debug] > Exec(addDefaultCommands, None, None)
[debug] > Exec(early(initialize), None, None)
[debug] > Exec(initialize, None, None)
[debug] > Exec(early(addPluginSbtFile="""C:\Users\Alex\AppData\Local\Temp\idea.sbt"""), None, None)
[debug] > Exec(addPluginSbtFile="""C:\Users\Alex\AppData\Local\Temp\idea.sbt""", None, None)
[debug] > Exec(boot, None, None)
[debug] > Exec(writeSbtVersion, None, None)
[debug] > Exec(reload, None, None)
[debug] > Exec(sbtStashOnFailure, None, None)
[debug] > Exec(onFailure loadFailed, None, None)
[debug] > Exec(loadp, None, None)
[info] welcome to sbt 1.9.7 (Amazon.com Inc. Java 24.0.2)
[debug] Load.defaultLoad until apply took 137.7744ms
[debug]           Load.loadUnit: plugins took 100.7196ms
[debug]           Load.loadUnit: defsScala took 0.2744ms
[debug] [Loading] Scanning directory D:\Scoala de vara\Chisel\Proiect\project
[debug]             Load.loadUnit: mkEval took 4.3897ms
[debug] [Loading] Found non-root projects 
[debug] [Loading] Done in D:\Scoala de vara\Chisel\Proiect\project, returning: ()
[debug] deducing auto plugins based on known facts Set(Atom(sbt.plugins.CorePlugin)) and clauses Clauses(Clause(Atom(sbt.plugins.JvmPlugin),Set(Atom(sbt.plugins.IvyPlugin)))
[debug] Clause(Atom(sbt.ScriptedPlugin),Set(Atom(sbt.plugins.JvmPlugin)))
[debug] Clause(Atom(sbt.plugins.SbtPlugin),Set(Atom(sbt.ScriptedPlugin)))
[debug] Clause(Atom(sbt.plugins.SemanticdbPlugin),Set(Atom(sbt.plugins.JvmPlugin)))
[debug] Clause(Atom(sbt.plugins.JUnitXmlReportPlugin),Set(Atom(sbt.plugins.JvmPlugin)))
[debug] Clause(Atom(sbt.plugins.MiniDependencyTreePlugin),Set(Atom(sbt.plugins.JvmPlugin)))
[debug] Clause(Atom(sbt.plugins.CorePlugin),Set(Atom(sbt.plugins.IvyPlugin)))
[debug] Clause(Atom(sbt.plugins.IvyPlugin),Set(Atom(sbt.plugins.JvmPlugin)))
[debug] Clause(Atom(sbt.plugins.JvmPlugin),Set(Atom(sbt.plugins.SemanticdbPlugin)))
[debug] Clause(Atom(sbt.plugins.JvmPlugin),Set(Atom(sbt.plugins.JUnitXmlReportPlugin)))
[debug] Clause(Atom(sbt.plugins.CorePlugin),Set(Atom(sbt.plugins.Giter8TemplatePlugin)))
[debug] Clause(Atom(sbt.plugins.JvmPlugin),Set(Atom(sbt.plugins.MiniDependencyTreePlugin))))
[debug]   :: deduced result: Matched(sbt.plugins.CorePlugin,sbt.plugins.Giter8TemplatePlugin,sbt.plugins.IvyPlugin,sbt.plugins.JvmPlugin,sbt.plugins.MiniDependencyTreePlugin,sbt.plugins.JUnitXmlReportPlugin,sbt.plugins.SemanticdbPlugin)
[debug] Plugins.deducer#function took 10.506 ms
[info] loading settings for project proiect-build from idea.sbt ...
[debug]               Load.resolveProject(proiect-build) took 43.4464ms
[debug]             Load.loadTransitive: finalizeProject(Project(id proiect-build, base: D:\Scoala de vara\Chisel\Proiect\project, plugins: List(<none>))) took 60.7856ms
[debug] [Loading] Done in D:\Scoala de vara\Chisel\Proiect\project, returning: (proiect-build)
[debug]           Load.loadUnit: loadedProjectsRaw took 2442.0993ms
[debug]           Load.loadUnit: cleanEvalClasses took 56.0331ms
[debug]         Load.loadUnit(file:/D:/Scoala%20de%20vara/Chisel/Proiect/project/, ...) took 2605.4144ms
[debug]       Load.apply: load took 2716.8005ms
[debug]       Load.apply: resolveProjects took 4.6887ms
[debug]       Load.apply: finalTransforms took 53.3992ms
[debug]       Load.apply: config.delegates took 8.334ms
[debug]       Load.apply: Def.make(settings)... took 369.3219ms
[debug]       Load.apply: structureIndex took 86.6846ms
[debug]       Load.apply: mkStreams took 2.5224ms
[info] loading project definition from D:\Scoala de vara\Chisel\Proiect\project
[debug] Running task... Cancel: Signal, check cycles: false, forcegc: true
[debug]     Load.loadUnit: plugins took 5125.5764ms
[debug]     Load.loadUnit: defsScala took 0.0035ms
[debug] [Loading] Scanning directory D:\Scoala de vara\Chisel\Proiect
[debug]       Load.loadUnit: mkEval took 0.2983ms
[debug] [Loading] Found non-root projects 
[debug] [Loading] Done in D:\Scoala de vara\Chisel\Proiect, returning: ()
[debug] deducing auto plugins based on known facts Set(Atom(sbt.plugins.CorePlugin)) and clauses Clauses(Clause(Atom(sbt.plugins.JvmPlugin),Set(Atom(sbt.plugins.IvyPlugin)))
[debug] Clause(Atom(sbt.ScriptedPlugin),Set(Atom(sbt.plugins.JvmPlugin)))
[debug] Clause(Atom(sbt.plugins.SbtPlugin),Set(Atom(sbt.ScriptedPlugin)))
[debug] Clause(Atom(sbt.plugins.SemanticdbPlugin),Set(Atom(sbt.plugins.JvmPlugin)))
[debug] Clause(Atom(sbt.plugins.JUnitXmlReportPlugin),Set(Atom(sbt.plugins.JvmPlugin)))
[debug] Clause(Atom(sbt.plugins.MiniDependencyTreePlugin),Set(Atom(sbt.plugins.JvmPlugin)))
[debug] Clause(Atom(org.jetbrains.sbt.StructurePlugin),Set(Atom(sbt.plugins.JvmPlugin)))
[debug] Clause(Atom(org.jetbrains.sbt.IdeaShellPlugin),Set(Atom(sbt.plugins.JvmPlugin)))
[debug] Clause(Atom(org.jetbrains.sbt.indices.SbtIntellijIndicesPlugin),Set(Atom(sbt.plugins.JvmPlugin)))
[debug] Clause(Atom(sbt.plugins.CorePlugin),Set(Atom(sbt.plugins.IvyPlugin)))
[debug] Clause(Atom(sbt.plugins.IvyPlugin),Set(Atom(sbt.plugins.JvmPlugin)))
[debug] Clause(Atom(sbt.plugins.JvmPlugin),Set(Atom(sbt.plugins.SemanticdbPlugin)))
[debug] Clause(Atom(sbt.plugins.JvmPlugin),Set(Atom(sbt.plugins.JUnitXmlReportPlugin)))
[debug] Clause(Atom(sbt.plugins.CorePlugin),Set(Atom(sbt.plugins.Giter8TemplatePlugin)))
[debug] Clause(Atom(sbt.plugins.JvmPlugin),Set(Atom(sbt.plugins.MiniDependencyTreePlugin)))
[debug] Clause(Atom(sbt.plugins.JvmPlugin),Set(Atom(org.jetbrains.sbt.StructurePlugin)))
[debug] Clause(Atom(sbt.plugins.JvmPlugin),Set(Atom(org.jetbrains.sbt.IdeaShellPlugin)))
[debug] Clause(And(Set(Atom(sbt.plugins.CorePlugin), Atom(sbt.plugins.JvmPlugin))),Set(Atom(org.jetbrains.sbt.indices.SbtIntellijIndicesPlugin))))
[debug]   :: deduced result: Matched(sbt.plugins.CorePlugin,sbt.plugins.Giter8TemplatePlugin,sbt.plugins.IvyPlugin,sbt.plugins.JvmPlugin,sbt.plugins.SemanticdbPlugin,org.jetbrains.sbt.indices.SbtIntellijIndicesPlugin,sbt.plugins.JUnitXmlReportPlugin,org.jetbrains.sbt.IdeaShellPlugin,org.jetbrains.sbt.StructurePlugin,sbt.plugins.MiniDependencyTreePlugin)
[debug] Plugins.deducer#function took 1.8911 ms
[info] loading settings for project proiect from build.sbt ...
[debug]         Load.resolveProject(proiect) took 23.9605ms
[debug]       Load.loadTransitive: finalizeProject(Project(id proiect, base: D:\Scoala de vara\Chisel\Proiect, plugins: List(<none>))) took 26.6378ms
[debug] [Loading] Done in D:\Scoala de vara\Chisel\Proiect, returning: (proiect)
[debug]     Load.loadUnit: loadedProjectsRaw took 1423.9613ms
[debug]     Load.loadUnit: cleanEvalClasses took 53.7376ms
[debug]   Load.loadUnit(file:/D:/Scoala%20de%20vara/Chisel/Proiect/, ...) took 6606.9341ms
[debug] Load.apply: load took 6632.6634ms
[debug] Load.apply: resolveProjects took 0.1233ms
[debug] Load.apply: finalTransforms took 18.6106ms
[debug] Load.apply: config.delegates took 0.2922ms
[debug] Load.apply: Def.make(settings)... took 57.1925ms
[debug] Load.apply: structureIndex took 22.5769ms
[debug] Load.apply: mkStreams took 0.0037ms
[info] set current project to proiect (in build file:/D:/Scoala%20de%20vara/Chisel/Proiect/)
[debug] > Exec(sbtPopOnFailure, None, None)
[debug] > Exec(resumeFromFailure, None, None)
[debug] > Exec(notifyUsersAboutShell, None, None)
[debug] > Exec(iflast shell, None, None)
[debug] > Exec(; set ideaPort in Global := 55115 ; idea-shell, None, None)
[debug] > Exec(set ideaPort in Global := 55115, None, None)
[info] Defining Global / ideaPort
[info] The new value will be used by Compile / compile, Test / compile
[debug] Defining 
[debug] 	Global / ideaPort
[debug] 
[debug] The new value will be used by 
[debug] 	Compile / compile
[debug] 	Test / compile
[info] Reapplying settings...
[info] set current project to proiect (in build file:/D:/Scoala%20de%20vara/Chisel/Proiect/)
[debug] > Exec(idea-shell, None, None)
